# JRE version: Java(TM) SE Runtime Environment (8.0_152-b16) (build 1.8.0_152-b16)
# Java VM: Java HotSpot(TM) 64-Bit Server VM (25.152-b16 mixed mode bsd-amd64 compressed oops)
Heap:
 PSYoungGen      total 38912K, used 21319K [0x0000000795580000, 0x0000000798480000, 0x00000007c0000000)
  eden space 30720K, 67% used [0x0000000795580000,0x00000007969d1c18,0x0000000797380000)
  from space 8192K, 6% used [0x0000000797400000,0x0000000797480000,0x0000000797c00000)
  to   space 8704K, 0% used [0x0000000797c00000,0x0000000797c00000,0x0000000798480000)
 ParOldGen       total 87552K, used 6421K [0x0000000740000000, 0x0000000745580000, 0x0000000795580000)
  object space 87552K, 7% used [0x0000000740000000,0x00000007406456f0,0x0000000745580000)
 Metaspace       used 10244K, capacity 10404K, committed 10624K, reserved 1058816K
  class space    used 1038K, capacity 1119K, committed 1152K, reserved 1048576K
GC Heap History (10 events):
Event: 12.280 GC heap before
{Heap before GC invocations=5 (full 0):
 PSYoungGen      total 38400K, used 37856K [0x0000000795580000, 0x0000000798000000, 0x00000007c0000000)
  eden space 33280K, 100% used [0x0000000795580000,0x0000000797600000,0x0000000797600000)
  from space 5120K, 89% used [0x0000000797b00000,0x0000000797f78030,0x0000000798000000)
  to   space 5120K, 0% used [0x0000000797600000,0x0000000797600000,0x0000000797b00000)
 ParOldGen       total 87552K, used 2241K [0x0000000740000000, 0x0000000745580000, 0x0000000795580000)
  object space 87552K, 2% used [0x0000000740000000,0x00000007402307b0,0x0000000745580000)
 Metaspace       used 10201K, capacity 10404K, committed 10624K, reserved 1058816K
  class space    used 1038K, capacity 1119K, committed 1152K, reserved 1048576K
Event: 12.286 GC heap after
Heap after GC invocations=5 (full 0):
 PSYoungGen      total 37888K, used 4608K [0x0000000795580000, 0x0000000798480000, 0x00000007c0000000)
  eden space 32768K, 0% used [0x0000000795580000,0x0000000795580000,0x0000000797580000)
  from space 5120K, 90% used [0x0000000797600000,0x0000000797a80030,0x0000000797b00000)
  to   space 7680K, 0% used [0x0000000797d00000,0x0000000797d00000,0x0000000798480000)
 ParOldGen       total 87552K, used 2249K [0x0000000740000000, 0x0000000745580000, 0x0000000795580000)
  object space 87552K, 2% used [0x0000000740000000,0x00000007402327b0,0x0000000745580000)
 Metaspace       used 10201K, capacity 10404K, committed 10624K, reserved 1058816K
  class space    used 1038K, capacity 1119K, committed 1152K, reserved 1048576K
}
Event: 12.898 GC heap before
{Heap before GC invocations=6 (full 0):
 PSYoungGen      total 37888K, used 37376K [0x0000000795580000, 0x0000000798480000, 0x00000007c0000000)
  eden space 32768K, 100% used [0x0000000795580000,0x0000000797580000,0x0000000797580000)
  from space 5120K, 90% used [0x0000000797600000,0x0000000797a80030,0x0000000797b00000)
  to   space 7680K, 0% used [0x0000000797d00000,0x0000000797d00000,0x0000000798480000)
 ParOldGen       total 87552K, used 2249K [0x0000000740000000, 0x0000000745580000, 0x0000000795580000)
  object space 87552K, 2% used [0x0000000740000000,0x00000007402327b0,0x0000000745580000)
 Metaspace       used 10225K, capacity 10404K, committed 10624K, reserved 1058816K
  class space    used 1038K, capacity 1119K, committed 1152K, reserved 1048576K
Event: 12.904 GC heap after
Heap after GC invocations=6 (full 0):
 PSYoungGen      total 38400K, used 4592K [0x0000000795580000, 0x0000000798300000, 0x00000007c0000000)
  eden space 32256K, 0% used [0x0000000795580000,0x0000000795580000,0x0000000797500000)
  from space 6144K, 74% used [0x0000000797d00000,0x000000079817c020,0x0000000798300000)
  to   space 7168K, 0% used [0x0000000797500000,0x0000000797500000,0x0000000797c00000)
 ParOldGen       total 87552K, used 2257K [0x0000000740000000, 0x0000000745580000, 0x0000000795580000)
  object space 87552K, 2% used [0x0000000740000000,0x00000007402347b0,0x0000000745580000)
 Metaspace       used 10225K, capacity 10404K, committed 10624K, reserved 1058816K
  class space    used 1038K, capacity 1119K, committed 1152K, reserved 1048576K
}
Event: 13.514 GC heap before
{Heap before GC invocations=7 (full 0):
 PSYoungGen      total 38400K, used 36848K [0x0000000795580000, 0x0000000798300000, 0x00000007c0000000)
  eden space 32256K, 100% used [0x0000000795580000,0x0000000797500000,0x0000000797500000)
  from space 6144K, 74% used [0x0000000797d00000,0x000000079817c020,0x0000000798300000)
  to   space 7168K, 0% used [0x0000000797500000,0x0000000797500000,0x0000000797c00000)
 ParOldGen       total 87552K, used 2257K [0x0000000740000000, 0x0000000745580000, 0x0000000795580000)
  object space 87552K, 2% used [0x0000000740000000,0x00000007402347b0,0x0000000745580000)
 Metaspace       used 10225K, capacity 10404K, committed 10624K, reserved 1058816K
  class space    used 1038K, capacity 1119K, committed 1152K, reserved 1048576K
Event: 13.524 GC heap after
Heap after GC invocations=7 (full 0):
 PSYoungGen      total 38912K, used 512K [0x0000000795580000, 0x0000000798480000, 0x00000007c0000000)
  eden space 31744K, 0% used [0x0000000795580000,0x0000000795580000,0x0000000797480000)
  from space 7168K, 7% used [0x0000000797500000,0x0000000797580000,0x0000000797c00000)
  to   space 8192K, 0% used [0x0000000797c80000,0x0000000797c80000,0x0000000798480000)
 ParOldGen       total 87552K, used 6373K [0x0000000740000000, 0x0000000745580000, 0x0000000795580000)
  object space 87552K, 7% used [0x0000000740000000,0x00000007406396f0,0x0000000745580000)
 Metaspace       used 10225K, capacity 10404K, committed 10624K, reserved 1058816K
  class space    used 1038K, capacity 1119K, committed 1152K, reserved 1048576K
}
Event: 14.849 GC heap before
{Heap before GC invocations=8 (full 0):
 PSYoungGen      total 38912K, used 32256K [0x0000000795580000, 0x0000000798480000, 0x00000007c0000000)
  eden space 31744K, 100% used [0x0000000795580000,0x0000000797480000,0x0000000797480000)
  from space 7168K, 7% used [0x0000000797500000,0x0000000797580000,0x0000000797c00000)
  to   space 8192K, 0% used [0x0000000797c80000,0x0000000797c80000,0x0000000798480000)
 ParOldGen       total 87552K, used 6373K [0x0000000740000000, 0x0000000745580000, 0x0000000795580000)
  object space 87552K, 7% used [0x0000000740000000,0x00000007406396f0,0x0000000745580000)
 Metaspace       used 10235K, capacity 10404K, committed 10624K, reserved 1058816K
  class space    used 1038K, capacity 1119K, committed 1152K, reserved 1048576K
Event: 14.850 GC heap after
Heap after GC invocations=8 (full 0):
 PSYoungGen      total 38912K, used 512K [0x0000000795580000, 0x0000000798400000, 0x00000007c0000000)
  eden space 31232K, 0% used [0x0000000795580000,0x0000000795580000,0x0000000797400000)
  from space 7680K, 6% used [0x0000000797c80000,0x0000000797d00000,0x0000000798400000)
  to   space 8192K, 0% used [0x0000000797400000,0x0000000797400000,0x0000000797c00000)
 ParOldGen       total 87552K, used 6397K [0x0000000740000000, 0x0000000745580000, 0x0000000795580000)
  object space 87552K, 7% used [0x0000000740000000,0x000000074063f6f0,0x0000000745580000)
 Metaspace       used 10235K, capacity 10404K, committed 10624K, reserved 1058816K
  class space    used 1038K, capacity 1119K, committed 1152K, reserved 1048576K
}
Event: 15.433 GC heap before
{Heap before GC invocations=9 (full 0):
 PSYoungGen      total 38912K, used 31744K [0x0000000795580000, 0x0000000798400000, 0x00000007c0000000)
  eden space 31232K, 100% used [0x0000000795580000,0x0000000797400000,0x0000000797400000)
  from space 7680K, 6% used [0x0000000797c80000,0x0000000797d00000,0x0000000798400000)
  to   space 8192K, 0% used [0x0000000797400000,0x0000000797400000,0x0000000797c00000)
 ParOldGen       total 87552K, used 6397K [0x0000000740000000, 0x0000000745580000, 0x0000000795580000)
  object space 87552K, 7% used [0x0000000740000000,0x000000074063f6f0,0x0000000745580000)
 Metaspace       used 10235K, capacity 10404K, committed 10624K, reserved 1058816K
  class space    used 1038K, capacity 1119K, committed 1152K, reserved 1048576K
Event: 15.434 GC heap after
Heap after GC invocations=9 (full 0):
 PSYoungGen      total 38912K, used 512K [0x0000000795580000, 0x0000000798480000, 0x00000007c0000000)
  eden space 30720K, 0% used [0x0000000795580000,0x0000000795580000,0x0000000797380000)
  from space 8192K, 6% used [0x0000000797400000,0x0000000797480000,0x0000000797c00000)
  to   space 8704K, 0% used [0x0000000797c00000,0x0000000797c00000,0x0000000798480000)
 ParOldGen       total 87552K, used 6421K [0x0000000740000000, 0x0000000745580000, 0x0000000795580000)
  object space 87552K, 7% used [0x0000000740000000,0x00000007406456f0,0x0000000745580000)
 Metaspace       used 10235K, capacity 10404K, committed 10624K, reserved 1058816K
  class space    used 1038K, capacity 1119K, committed 1152K, reserved 1048576K
}

