# JRE version: Java(TM) SE Runtime Environment (8.0_152-b16) (build 1.8.0_152-b16)
# Java VM: Java HotSpot(TM) 64-Bit Server VM (25.152-b16 mixed mode bsd-amd64 compressed oops)
Heap:
 PSYoungGen      total 35328K, used 28177K [0x0000000795580000, 0x0000000798100000, 0x00000007c0000000)
  eden space 28160K, 98% used [0x0000000795580000,0x0000000797084568,0x0000000797100000)
  from space 7168K, 7% used [0x0000000797a00000,0x0000000797a80000,0x0000000798100000)
  to   space 8192K, 0% used [0x0000000797100000,0x0000000797100000,0x0000000797900000)
 ParOldGen       total 87552K, used 6975K [0x0000000740000000, 0x0000000745580000, 0x0000000795580000)
  object space 87552K, 7% used [0x0000000740000000,0x00000007406cfed0,0x0000000745580000)
 Metaspace       used 10121K, capacity 10340K, committed 10624K, reserved 1058816K
  class space    used 1033K, capacity 1119K, committed 1152K, reserved 1048576K
GC Heap History (10 events):
Event: 15.812 GC heap before
{Heap before GC invocations=10 (full 0):
 PSYoungGen      total 38912K, used 31200K [0x0000000795580000, 0x0000000798480000, 0x00000007c0000000)
  eden space 30720K, 100% used [0x0000000795580000,0x0000000797380000,0x0000000797380000)
  from space 8192K, 5% used [0x0000000797400000,0x0000000797478000,0x0000000797c00000)
  to   space 8704K, 0% used [0x0000000797c00000,0x0000000797c00000,0x0000000798480000)
 ParOldGen       total 87552K, used 6487K [0x0000000740000000, 0x0000000745580000, 0x0000000795580000)
  object space 87552K, 7% used [0x0000000740000000,0x0000000740655ed0,0x0000000745580000)
 Metaspace       used 10051K, capacity 10212K, committed 10368K, reserved 1058816K
  class space    used 1032K, capacity 1119K, committed 1152K, reserved 1048576K
Event: 15.814 GC heap after
Heap after GC invocations=10 (full 0):
 PSYoungGen      total 38400K, used 512K [0x0000000795580000, 0x0000000798400000, 0x00000007c0000000)
  eden space 30208K, 0% used [0x0000000795580000,0x0000000795580000,0x0000000797300000)
  from space 8192K, 6% used [0x0000000797c00000,0x0000000797c80000,0x0000000798400000)
  to   space 8704K, 0% used [0x0000000797300000,0x0000000797300000,0x0000000797b80000)
 ParOldGen       total 87552K, used 6495K [0x0000000740000000, 0x0000000745580000, 0x0000000795580000)
  object space 87552K, 7% used [0x0000000740000000,0x0000000740657ed0,0x0000000745580000)
 Metaspace       used 10051K, capacity 10212K, committed 10368K, reserved 1058816K
  class space    used 1032K, capacity 1119K, committed 1152K, reserved 1048576K
}
Event: 72.106 GC heap before
{Heap before GC invocations=11 (full 0):
 PSYoungGen      total 38400K, used 30720K [0x0000000795580000, 0x0000000798400000, 0x00000007c0000000)
  eden space 30208K, 100% used [0x0000000795580000,0x0000000797300000,0x0000000797300000)
  from space 8192K, 6% used [0x0000000797c00000,0x0000000797c80000,0x0000000798400000)
  to   space 8704K, 0% used [0x0000000797300000,0x0000000797300000,0x0000000797b80000)
 ParOldGen       total 87552K, used 6495K [0x0000000740000000, 0x0000000745580000, 0x0000000795580000)
  object space 87552K, 7% used [0x0000000740000000,0x0000000740657ed0,0x0000000745580000)
 Metaspace       used 10101K, capacity 10276K, committed 10368K, reserved 1058816K
  class space    used 1032K, capacity 1119K, committed 1152K, reserved 1048576K
Event: 72.107 GC heap after
Heap after GC invocations=11 (full 0):
 PSYoungGen      total 30208K, used 480K [0x0000000795580000, 0x0000000798380000, 0x00000007c0000000)
  eden space 29696K, 0% used [0x0000000795580000,0x0000000795580000,0x0000000797280000)
  from space 512K, 93% used [0x0000000797300000,0x0000000797378000,0x0000000797380000)
  to   space 8704K, 0% used [0x0000000797b00000,0x0000000797b00000,0x0000000798380000)
 ParOldGen       total 87552K, used 6511K [0x0000000740000000, 0x0000000745580000, 0x0000000795580000)
  object space 87552K, 7% used [0x0000000740000000,0x000000074065bed0,0x0000000745580000)
 Metaspace       used 10101K, capacity 10276K, committed 10368K, reserved 1058816K
  class space    used 1032K, capacity 1119K, committed 1152K, reserved 1048576K
}
Event: 724.074 GC heap before
{Heap before GC invocations=12 (full 0):
 PSYoungGen      total 30208K, used 30176K [0x0000000795580000, 0x0000000798380000, 0x00000007c0000000)
  eden space 29696K, 100% used [0x0000000795580000,0x0000000797280000,0x0000000797280000)
  from space 512K, 93% used [0x0000000797300000,0x0000000797378000,0x0000000797380000)
  to   space 8704K, 0% used [0x0000000797b00000,0x0000000797b00000,0x0000000798380000)
 ParOldGen       total 87552K, used 6511K [0x0000000740000000, 0x0000000745580000, 0x0000000795580000)
  object space 87552K, 7% used [0x0000000740000000,0x000000074065bed0,0x0000000745580000)
 Metaspace       used 10102K, capacity 10276K, committed 10368K, reserved 1058816K
  class space    used 1032K, capacity 1119K, committed 1152K, reserved 1048576K
Event: 724.075 GC heap after
Heap after GC invocations=12 (full 0):
 PSYoungGen      total 37376K, used 32K [0x0000000795580000, 0x0000000798300000, 0x00000007c0000000)
  eden space 29184K, 0% used [0x0000000795580000,0x0000000795580000,0x0000000797200000)
  from space 8192K, 0% used [0x0000000797b00000,0x0000000797b08000,0x0000000798300000)
  to   space 8704K, 0% used [0x0000000797200000,0x0000000797200000,0x0000000797a80000)
 ParOldGen       total 87552K, used 6959K [0x0000000740000000, 0x0000000745580000, 0x0000000795580000)
  object space 87552K, 7% used [0x0000000740000000,0x00000007406cbed0,0x0000000745580000)
 Metaspace       used 10102K, capacity 10276K, committed 10368K, reserved 1058816K
  class space    used 1032K, capacity 1119K, committed 1152K, reserved 1048576K
}
Event: 961.808 GC heap before
{Heap before GC invocations=13 (full 0):
 PSYoungGen      total 37376K, used 29216K [0x0000000795580000, 0x0000000798300000, 0x00000007c0000000)
  eden space 29184K, 100% used [0x0000000795580000,0x0000000797200000,0x0000000797200000)
  from space 8192K, 0% used [0x0000000797b00000,0x0000000797b08000,0x0000000798300000)
  to   space 8704K, 0% used [0x0000000797200000,0x0000000797200000,0x0000000797a80000)
 ParOldGen       total 87552K, used 6959K [0x0000000740000000, 0x0000000745580000, 0x0000000795580000)
  object space 87552K, 7% used [0x0000000740000000,0x00000007406cbed0,0x0000000745580000)
 Metaspace       used 10114K, capacity 10340K, committed 10624K, reserved 1058816K
  class space    used 1032K, capacity 1119K, committed 1152K, reserved 1048576K
Event: 961.810 GC heap after
Heap after GC invocations=13 (full 0):
 PSYoungGen      total 29184K, used 512K [0x0000000795580000, 0x0000000798280000, 0x00000007c0000000)
  eden space 28672K, 0% used [0x0000000795580000,0x0000000795580000,0x0000000797180000)
  from space 512K, 100% used [0x0000000797200000,0x0000000797280000,0x0000000797280000)
  to   space 8704K, 0% used [0x0000000797a00000,0x0000000797a00000,0x0000000798280000)
 ParOldGen       total 87552K, used 6959K [0x0000000740000000, 0x0000000745580000, 0x0000000795580000)
  object space 87552K, 7% used [0x0000000740000000,0x00000007406cbed0,0x0000000745580000)
 Metaspace       used 10114K, capacity 10340K, committed 10624K, reserved 1058816K
  class space    used 1032K, capacity 1119K, committed 1152K, reserved 1048576K
}
Event: 962.375 GC heap before
{Heap before GC invocations=14 (full 0):
 PSYoungGen      total 29184K, used 29184K [0x0000000795580000, 0x0000000798280000, 0x00000007c0000000)
  eden space 28672K, 100% used [0x0000000795580000,0x0000000797180000,0x0000000797180000)
  from space 512K, 100% used [0x0000000797200000,0x0000000797280000,0x0000000797280000)
  to   space 8704K, 0% used [0x0000000797a00000,0x0000000797a00000,0x0000000798280000)
 ParOldGen       total 87552K, used 6959K [0x0000000740000000, 0x0000000745580000, 0x0000000795580000)
  object space 87552K, 7% used [0x0000000740000000,0x00000007406cbed0,0x0000000745580000)
 Metaspace       used 10114K, capacity 10340K, committed 10624K, reserved 1058816K
  class space    used 1032K, capacity 1119K, committed 1152K, reserved 1048576K
Event: 962.378 GC heap after
Heap after GC invocations=14 (full 0):
 PSYoungGen      total 35328K, used 512K [0x0000000795580000, 0x0000000798100000, 0x00000007c0000000)
  eden space 28160K, 0% used [0x0000000795580000,0x0000000795580000,0x0000000797100000)
  from space 7168K, 7% used [0x0000000797a00000,0x0000000797a80000,0x0000000798100000)
  to   space 8192K, 0% used [0x0000000797100000,0x0000000797100000,0x0000000797900000)
 ParOldGen       total 87552K, used 6975K [0x0000000740000000, 0x0000000745580000, 0x0000000795580000)
  object space 87552K, 7% used [0x0000000740000000,0x00000007406cfed0,0x0000000745580000)
 Metaspace       used 10114K, capacity 10340K, committed 10624K, reserved 1058816K
  class space    used 1032K, capacity 1119K, committed 1152K, reserved 1048576K
}

