# JRE version: Java(TM) SE Runtime Environment (8.0_152-b16) (build 1.8.0_152-b16)
# Java VM: Java HotSpot(TM) 64-Bit Server VM (25.152-b16 mixed mode bsd-amd64 compressed oops)
Heap:
 PSYoungGen      total 139776K, used 46666K [0x0000000795580000, 0x000000079e580000, 0x00000007c0000000)
  eden space 133120K, 31% used [0x0000000795580000,0x0000000797ea2180,0x000000079d780000)
  from space 6656K, 68% used [0x000000079df00000,0x000000079e370910,0x000000079e580000)
  to   space 7168K, 0% used [0x000000079d780000,0x000000079d780000,0x000000079de80000)
 ParOldGen       total 87552K, used 2276K [0x0000000740000000, 0x0000000745580000, 0x0000000795580000)
  object space 87552K, 2% used [0x0000000740000000,0x00000007402390e8,0x0000000745580000)
 Metaspace       used 10127K, capacity 10340K, committed 10624K, reserved 1058816K
  class space    used 1036K, capacity 1119K, committed 1152K, reserved 1048576K
GC Heap History (10 events):
Event: 154.486 GC heap before
{Heap before GC invocations=2 (full 0):
 PSYoungGen      total 38400K, used 38376K [0x0000000795580000, 0x0000000798000000, 0x00000007c0000000)
  eden space 33280K, 100% used [0x0000000795580000,0x0000000797600000,0x0000000797600000)
  from space 5120K, 99% used [0x0000000797600000,0x0000000797afa178,0x0000000797b00000)
  to   space 5120K, 0% used [0x0000000797b00000,0x0000000797b00000,0x0000000798000000)
 ParOldGen       total 87552K, used 2244K [0x0000000740000000, 0x0000000745580000, 0x0000000795580000)
  object space 87552K, 2% used [0x0000000740000000,0x00000007402310e8,0x0000000745580000)
 Metaspace       used 10101K, capacity 10340K, committed 10624K, reserved 1058816K
  class space    used 1035K, capacity 1119K, committed 1152K, reserved 1048576K
Event: 154.493 GC heap after
Heap after GC invocations=2 (full 0):
 PSYoungGen      total 38400K, used 4530K [0x0000000795580000, 0x0000000798000000, 0x00000007c0000000)
  eden space 33280K, 0% used [0x0000000795580000,0x0000000795580000,0x0000000797600000)
  from space 5120K, 88% used [0x0000000797b00000,0x0000000797f6c920,0x0000000798000000)
  to   space 5120K, 0% used [0x0000000797600000,0x0000000797600000,0x0000000797b00000)
 ParOldGen       total 87552K, used 2252K [0x0000000740000000, 0x0000000745580000, 0x0000000795580000)
  object space 87552K, 2% used [0x0000000740000000,0x00000007402330e8,0x0000000745580000)
 Metaspace       used 10101K, capacity 10340K, committed 10624K, reserved 1058816K
  class space    used 1035K, capacity 1119K, committed 1152K, reserved 1048576K
}
Event: 154.766 GC heap before
{Heap before GC invocations=3 (full 0):
 PSYoungGen      total 38400K, used 37810K [0x0000000795580000, 0x0000000798000000, 0x00000007c0000000)
  eden space 33280K, 100% used [0x0000000795580000,0x0000000797600000,0x0000000797600000)
  from space 5120K, 88% used [0x0000000797b00000,0x0000000797f6c920,0x0000000798000000)
  to   space 5120K, 0% used [0x0000000797600000,0x0000000797600000,0x0000000797b00000)
 ParOldGen       total 87552K, used 2252K [0x0000000740000000, 0x0000000745580000, 0x0000000795580000)
  object space 87552K, 2% used [0x0000000740000000,0x00000007402330e8,0x0000000745580000)
 Metaspace       used 10101K, capacity 10340K, committed 10624K, reserved 1058816K
  class space    used 1035K, capacity 1119K, committed 1152K, reserved 1048576K
Event: 154.770 GC heap after
Heap after GC invocations=3 (full 0):
 PSYoungGen      total 38400K, used 4546K [0x0000000795580000, 0x000000079a080000, 0x00000007c0000000)
  eden space 33280K, 0% used [0x0000000795580000,0x0000000795580000,0x0000000797600000)
  from space 5120K, 88% used [0x0000000797600000,0x0000000797a70910,0x0000000797b00000)
  to   space 5120K, 0% used [0x0000000799b80000,0x0000000799b80000,0x000000079a080000)
 ParOldGen       total 87552K, used 2260K [0x0000000740000000, 0x0000000745580000, 0x0000000795580000)
  object space 87552K, 2% used [0x0000000740000000,0x00000007402350e8,0x0000000745580000)
 Metaspace       used 10101K, capacity 10340K, committed 10624K, reserved 1058816K
  class space    used 1035K, capacity 1119K, committed 1152K, reserved 1048576K
}
Event: 154.891 GC heap before
{Heap before GC invocations=4 (full 0):
 PSYoungGen      total 38400K, used 37826K [0x0000000795580000, 0x000000079a080000, 0x00000007c0000000)
  eden space 33280K, 100% used [0x0000000795580000,0x0000000797600000,0x0000000797600000)
  from space 5120K, 88% used [0x0000000797600000,0x0000000797a70910,0x0000000797b00000)
  to   space 5120K, 0% used [0x0000000799b80000,0x0000000799b80000,0x000000079a080000)
 ParOldGen       total 87552K, used 2260K [0x0000000740000000, 0x0000000745580000, 0x0000000795580000)
  object space 87552K, 2% used [0x0000000740000000,0x00000007402350e8,0x0000000745580000)
 Metaspace       used 10102K, capacity 10340K, committed 10624K, reserved 1058816K
  class space    used 1035K, capacity 1119K, committed 1152K, reserved 1048576K
Event: 154.897 GC heap after
Heap after GC invocations=4 (full 0):
 PSYoungGen      total 71680K, used 4530K [0x0000000795580000, 0x000000079a080000, 0x00000007c0000000)
  eden space 66560K, 0% used [0x0000000795580000,0x0000000795580000,0x0000000799680000)
  from space 5120K, 88% used [0x0000000799b80000,0x0000000799fec920,0x000000079a080000)
  to   space 5120K, 0% used [0x0000000799680000,0x0000000799680000,0x0000000799b80000)
 ParOldGen       total 87552K, used 2260K [0x0000000740000000, 0x0000000745580000, 0x0000000795580000)
  object space 87552K, 2% used [0x0000000740000000,0x00000007402350e8,0x0000000745580000)
 Metaspace       used 10102K, capacity 10340K, committed 10624K, reserved 1058816K
  class space    used 1035K, capacity 1119K, committed 1152K, reserved 1048576K
}
Event: 155.133 GC heap before
{Heap before GC invocations=5 (full 0):
 PSYoungGen      total 71680K, used 71090K [0x0000000795580000, 0x000000079a080000, 0x00000007c0000000)
  eden space 66560K, 100% used [0x0000000795580000,0x0000000799680000,0x0000000799680000)
  from space 5120K, 88% used [0x0000000799b80000,0x0000000799fec920,0x000000079a080000)
  to   space 5120K, 0% used [0x0000000799680000,0x0000000799680000,0x0000000799b80000)
 ParOldGen       total 87552K, used 2260K [0x0000000740000000, 0x0000000745580000, 0x0000000795580000)
  object space 87552K, 2% used [0x0000000740000000,0x00000007402350e8,0x0000000745580000)
 Metaspace       used 10110K, capacity 10340K, committed 10624K, reserved 1058816K
  class space    used 1035K, capacity 1119K, committed 1152K, reserved 1048576K
Event: 155.139 GC heap after
Heap after GC invocations=5 (full 0):
 PSYoungGen      total 71680K, used 4546K [0x0000000795580000, 0x000000079e680000, 0x00000007c0000000)
  eden space 66560K, 0% used [0x0000000795580000,0x0000000795580000,0x0000000799680000)
  from space 5120K, 88% used [0x0000000799680000,0x0000000799af0910,0x0000000799b80000)
  to   space 7680K, 0% used [0x000000079df00000,0x000000079df00000,0x000000079e680000)
 ParOldGen       total 87552K, used 2268K [0x0000000740000000, 0x0000000745580000, 0x0000000795580000)
  object space 87552K, 2% used [0x0000000740000000,0x00000007402370e8,0x0000000745580000)
 Metaspace       used 10110K, capacity 10340K, committed 10624K, reserved 1058816K
  class space    used 1035K, capacity 1119K, committed 1152K, reserved 1048576K
}
Event: 156.440 GC heap before
{Heap before GC invocations=6 (full 0):
 PSYoungGen      total 71680K, used 71106K [0x0000000795580000, 0x000000079e680000, 0x00000007c0000000)
  eden space 66560K, 100% used [0x0000000795580000,0x0000000799680000,0x0000000799680000)
  from space 5120K, 88% used [0x0000000799680000,0x0000000799af0910,0x0000000799b80000)
  to   space 7680K, 0% used [0x000000079df00000,0x000000079df00000,0x000000079e680000)
 ParOldGen       total 87552K, used 2268K [0x0000000740000000, 0x0000000745580000, 0x0000000795580000)
  object space 87552K, 2% used [0x0000000740000000,0x00000007402370e8,0x0000000745580000)
 Metaspace       used 10113K, capacity 10340K, committed 10624K, reserved 1058816K
  class space    used 1035K, capacity 1119K, committed 1152K, reserved 1048576K
Event: 156.448 GC heap after
Heap after GC invocations=6 (full 0):
 PSYoungGen      total 139776K, used 4546K [0x0000000795580000, 0x000000079e580000, 0x00000007c0000000)
  eden space 133120K, 0% used [0x0000000795580000,0x0000000795580000,0x000000079d780000)
  from space 6656K, 68% used [0x000000079df00000,0x000000079e370910,0x000000079e580000)
  to   space 7168K, 0% used [0x000000079d780000,0x000000079d780000,0x000000079de80000)
 ParOldGen       total 87552K, used 2276K [0x0000000740000000, 0x0000000745580000, 0x0000000795580000)
  object space 87552K, 2% used [0x0000000740000000,0x00000007402390e8,0x0000000745580000)
 Metaspace       used 10113K, capacity 10340K, committed 10624K, reserved 1058816K
  class space    used 1035K, capacity 1119K, committed 1152K, reserved 1048576K
}

