# JRE version: Java(TM) SE Runtime Environment (8.0_152-b16) (build 1.8.0_152-b16)
# Java VM: Java HotSpot(TM) 64-Bit Server VM (25.152-b16 mixed mode bsd-amd64 compressed oops)
Heap:
 PSYoungGen      total 26624K, used 9656K [0x0000000795580000, 0x0000000797200000, 0x00000007c0000000)
  eden space 24064K, 37% used [0x0000000795580000,0x0000000795e6e0a0,0x0000000796d00000)
  from space 2560K, 20% used [0x0000000796d00000,0x0000000796d80000,0x0000000796f80000)
  to   space 2560K, 0% used [0x0000000796f80000,0x0000000796f80000,0x0000000797200000)
 ParOldGen       total 87552K, used 6383K [0x0000000740000000, 0x0000000745580000, 0x0000000795580000)
  object space 87552K, 7% used [0x0000000740000000,0x000000074063bea8,0x0000000745580000)
 Metaspace       used 10051K, capacity 10244K, committed 10368K, reserved 1058816K
  class space    used 1030K, capacity 1087K, committed 1152K, reserved 1048576K
GC Heap History (10 events):
Event: 34.426 GC heap before
{Heap before GC invocations=33 (full 0):
 PSYoungGen      total 27648K, used 24576K [0x0000000795580000, 0x0000000797400000, 0x00000007c0000000)
  eden space 24064K, 100% used [0x0000000795580000,0x0000000796d00000,0x0000000796d00000)
  from space 3584K, 14% used [0x0000000797080000,0x0000000797100000,0x0000000797400000)
  to   space 3584K, 0% used [0x0000000796d00000,0x0000000796d00000,0x0000000797080000)
 ParOldGen       total 87552K, used 6383K [0x0000000740000000, 0x0000000745580000, 0x0000000795580000)
  object space 87552K, 7% used [0x0000000740000000,0x000000074063bea8,0x0000000745580000)
 Metaspace       used 10045K, capacity 10244K, committed 10368K, reserved 1058816K
  class space    used 1030K, capacity 1087K, committed 1152K, reserved 1048576K
Event: 34.427 GC heap after
Heap after GC invocations=33 (full 0):
 PSYoungGen      total 24576K, used 512K [0x0000000795580000, 0x0000000797300000, 0x00000007c0000000)
  eden space 24064K, 0% used [0x0000000795580000,0x0000000795580000,0x0000000796d00000)
  from space 512K, 100% used [0x0000000796d00000,0x0000000796d80000,0x0000000796d80000)
  to   space 3072K, 0% used [0x0000000797000000,0x0000000797000000,0x0000000797300000)
 ParOldGen       total 87552K, used 6383K [0x0000000740000000, 0x0000000745580000, 0x0000000795580000)
  object space 87552K, 7% used [0x0000000740000000,0x000000074063bea8,0x0000000745580000)
 Metaspace       used 10045K, capacity 10244K, committed 10368K, reserved 1058816K
  class space    used 1030K, capacity 1087K, committed 1152K, reserved 1048576K
}
Event: 34.893 GC heap before
{Heap before GC invocations=34 (full 0):
 PSYoungGen      total 24576K, used 24576K [0x0000000795580000, 0x0000000797300000, 0x00000007c0000000)
  eden space 24064K, 100% used [0x0000000795580000,0x0000000796d00000,0x0000000796d00000)
  from space 512K, 100% used [0x0000000796d00000,0x0000000796d80000,0x0000000796d80000)
  to   space 3072K, 0% used [0x0000000797000000,0x0000000797000000,0x0000000797300000)
 ParOldGen       total 87552K, used 6383K [0x0000000740000000, 0x0000000745580000, 0x0000000795580000)
  object space 87552K, 7% used [0x0000000740000000,0x000000074063bea8,0x0000000745580000)
 Metaspace       used 10045K, capacity 10244K, committed 10368K, reserved 1058816K
  class space    used 1030K, capacity 1087K, committed 1152K, reserved 1048576K
Event: 34.894 GC heap after
Heap after GC invocations=34 (full 0):
 PSYoungGen      total 27136K, used 512K [0x0000000795580000, 0x0000000797300000, 0x00000007c0000000)
  eden space 24064K, 0% used [0x0000000795580000,0x0000000795580000,0x0000000796d00000)
  from space 3072K, 16% used [0x0000000797000000,0x0000000797080000,0x0000000797300000)
  to   space 3072K, 0% used [0x0000000796d00000,0x0000000796d00000,0x0000000797000000)
 ParOldGen       total 87552K, used 6383K [0x0000000740000000, 0x0000000745580000, 0x0000000795580000)
  object space 87552K, 7% used [0x0000000740000000,0x000000074063bea8,0x0000000745580000)
 Metaspace       used 10045K, capacity 10244K, committed 10368K, reserved 1058816K
  class space    used 1030K, capacity 1087K, committed 1152K, reserved 1048576K
}
Event: 35.374 GC heap before
{Heap before GC invocations=35 (full 0):
 PSYoungGen      total 27136K, used 24576K [0x0000000795580000, 0x0000000797300000, 0x00000007c0000000)
  eden space 24064K, 100% used [0x0000000795580000,0x0000000796d00000,0x0000000796d00000)
  from space 3072K, 16% used [0x0000000797000000,0x0000000797080000,0x0000000797300000)
  to   space 3072K, 0% used [0x0000000796d00000,0x0000000796d00000,0x0000000797000000)
 ParOldGen       total 87552K, used 6383K [0x0000000740000000, 0x0000000745580000, 0x0000000795580000)
  object space 87552K, 7% used [0x0000000740000000,0x000000074063bea8,0x0000000745580000)
 Metaspace       used 10045K, capacity 10244K, committed 10368K, reserved 1058816K
  class space    used 1030K, capacity 1087K, committed 1152K, reserved 1048576K
Event: 35.376 GC heap after
Heap after GC invocations=35 (full 0):
 PSYoungGen      total 27136K, used 512K [0x0000000795580000, 0x0000000797300000, 0x00000007c0000000)
  eden space 24064K, 0% used [0x0000000795580000,0x0000000795580000,0x0000000796d00000)
  from space 3072K, 16% used [0x0000000796d00000,0x0000000796d80000,0x0000000797000000)
  to   space 3072K, 0% used [0x0000000797000000,0x0000000797000000,0x0000000797300000)
 ParOldGen       total 87552K, used 6383K [0x0000000740000000, 0x0000000745580000, 0x0000000795580000)
  object space 87552K, 7% used [0x0000000740000000,0x000000074063bea8,0x0000000745580000)
 Metaspace       used 10045K, capacity 10244K, committed 10368K, reserved 1058816K
  class space    used 1030K, capacity 1087K, committed 1152K, reserved 1048576K
}
Event: 35.842 GC heap before
{Heap before GC invocations=36 (full 0):
 PSYoungGen      total 27136K, used 24576K [0x0000000795580000, 0x0000000797300000, 0x00000007c0000000)
  eden space 24064K, 100% used [0x0000000795580000,0x0000000796d00000,0x0000000796d00000)
  from space 3072K, 16% used [0x0000000796d00000,0x0000000796d80000,0x0000000797000000)
  to   space 3072K, 0% used [0x0000000797000000,0x0000000797000000,0x0000000797300000)
 ParOldGen       total 87552K, used 6383K [0x0000000740000000, 0x0000000745580000, 0x0000000795580000)
  object space 87552K, 7% used [0x0000000740000000,0x000000074063bea8,0x0000000745580000)
 Metaspace       used 10045K, capacity 10244K, committed 10368K, reserved 1058816K
  class space    used 1030K, capacity 1087K, committed 1152K, reserved 1048576K
Event: 35.843 GC heap after
Heap after GC invocations=36 (full 0):
 PSYoungGen      total 26112K, used 512K [0x0000000795580000, 0x0000000797200000, 0x00000007c0000000)
  eden space 24064K, 0% used [0x0000000795580000,0x0000000795580000,0x0000000796d00000)
  from space 2048K, 25% used [0x0000000797000000,0x0000000797080000,0x0000000797200000)
  to   space 2560K, 0% used [0x0000000796d00000,0x0000000796d00000,0x0000000796f80000)
 ParOldGen       total 87552K, used 6383K [0x0000000740000000, 0x0000000745580000, 0x0000000795580000)
  object space 87552K, 7% used [0x0000000740000000,0x000000074063bea8,0x0000000745580000)
 Metaspace       used 10045K, capacity 10244K, committed 10368K, reserved 1058816K
  class space    used 1030K, capacity 1087K, committed 1152K, reserved 1048576K
}
Event: 36.310 GC heap before
{Heap before GC invocations=37 (full 0):
 PSYoungGen      total 26112K, used 24576K [0x0000000795580000, 0x0000000797200000, 0x00000007c0000000)
  eden space 24064K, 100% used [0x0000000795580000,0x0000000796d00000,0x0000000796d00000)
  from space 2048K, 25% used [0x0000000797000000,0x0000000797080000,0x0000000797200000)
  to   space 2560K, 0% used [0x0000000796d00000,0x0000000796d00000,0x0000000796f80000)
 ParOldGen       total 87552K, used 6383K [0x0000000740000000, 0x0000000745580000, 0x0000000795580000)
  object space 87552K, 7% used [0x0000000740000000,0x000000074063bea8,0x0000000745580000)
 Metaspace       used 10046K, capacity 10244K, committed 10368K, reserved 1058816K
  class space    used 1030K, capacity 1087K, committed 1152K, reserved 1048576K
Event: 36.311 GC heap after
Heap after GC invocations=37 (full 0):
 PSYoungGen      total 26624K, used 512K [0x0000000795580000, 0x0000000797200000, 0x00000007c0000000)
  eden space 24064K, 0% used [0x0000000795580000,0x0000000795580000,0x0000000796d00000)
  from space 2560K, 20% used [0x0000000796d00000,0x0000000796d80000,0x0000000796f80000)
  to   space 2560K, 0% used [0x0000000796f80000,0x0000000796f80000,0x0000000797200000)
 ParOldGen       total 87552K, used 6383K [0x0000000740000000, 0x0000000745580000, 0x0000000795580000)
  object space 87552K, 7% used [0x0000000740000000,0x000000074063bea8,0x0000000745580000)
 Metaspace       used 10046K, capacity 10244K, committed 10368K, reserved 1058816K
  class space    used 1030K, capacity 1087K, committed 1152K, reserved 1048576K
}

